



{
  "basePath": "",
  "gPath": "/Users/dratiu/Downloads/gallery"
}
{
  "basePath": "",
  "gPath": "/Users/dratiu/Downloads/gallery"
}
{
  "basePath": "",
  "gPath": "/Users/dratiu/Downloads/gallery"
}
{
  "basePath": "",
  "gPath": "/Users/dratiu/Downloads/gallery"
}
{
  "basePath": "",
  "gPath": "/Users/dratiu/Downloads/gallery"
}
{
  "basePath": "",
  "gPath": "/Users/dratiu/Downloads/gallery"
}
{
  "basePath": "",
  "gPath": "/Users/dratiu/Downloads/gallery"
}
{
  "basePath": "",
  "gPath": "/Users/dratiu/Downloads/gallery"
}
{
  "basePath": "",
  "gPath": "/Users/dratiu/Downloads/gallery"
}
{
  "basePath": "",
  "gPath": "/Users/dratiu/Downloads/gallery"
}
{
  "basePath": "",
  "gPath": "/Users/dratiu/Downloads/gallery"
}
{
  "basePath": "",
  "gPath": "/Users/dratiu/Downloads/gallery"
}
{
  "basePath": "",
  "gPath": "/Users/dratiu/Downloads/gallery"
}
{
  "basePath": "",
  "gPath": "/Users/dratiu/Downloads/gallery"
}
{
  "basePath": "",
  "gPath": "/Users/dratiu/Downloads/gallery"
}
{
  "basePath": "/locko",
  "gPath": "/Users/dratiu/Downloads/gallery/locko"
}
{
  "basePath": "/",
  "gPath": "/Users/dratiu/Downloads/gallery/"
}
{
  "basePath": "/suny",
  "gPath": "/Users/dratiu/Downloads/gallery/suny"
}
{
  "basePath": "/",
  "gPath": "/Users/dratiu/Downloads/gallery/"
}
{
  "basePath": "/kiki",
  "gPath": "/Users/dratiu/Downloads/gallery/kiki"
}
{
  "basePath": "/",
  "gPath": "/Users/dratiu/Downloads/gallery/"
}
{
  "basePath": "/folder+",
  "gPath": "/Users/dratiu/Downloads/gallery/folder+"
}
{
  "basePath": "/",
  "gPath": "/Users/dratiu/Downloads/gallery/"
}
{
  "basePath": "/kiki",
  "gPath": "/Users/dratiu/Downloads/gallery/kiki"
}
{
  "basePath": "/",
  "gPath": "/Users/dratiu/Downloads/gallery/"
}
{
  "basePath": "/boko",
  "gPath": "/Users/dratiu/Downloads/gallery/boko"
}
{
  "basePath": "/",
  "gPath": "/Users/dratiu/Downloads/gallery/"
}
{
  "basePath": "/anabana",
  "gPath": "/Users/dratiu/Downloads/gallery/anabana"
}
{
  "basePath": "/",
  "gPath": "/Users/dratiu/Downloads/gallery/"
}
{
  "basePath": "/aka",
  "gPath": "/Users/dratiu/Downloads/gallery/aka"
}
{
  "basePath": "/",
  "gPath": "/Users/dratiu/Downloads/gallery/"
}
{
  "basePath": "/Camera",
  "gPath": "/Users/dratiu/Downloads/gallery/Camera"
}
{
  "basePath": "",
  "gPath": "/Users/dratiu/Downloads/gallery"
}
{
  "basePath": "",
  "gPath": "/Users/dratiu/Downloads/gallery"
}
{
  "basePath": "",
  "gPath": "/Users/dratiu/Downloads/gallery"
}
{
  "basePath": "",
  "gPath": "/Users/dratiu/Downloads/gallery"
}
{
  "basePath": "",
  "gPath": "/Users/dratiu/Downloads/gallery"
}
{
  "basePath": "",
  "gPath": "/Users/dratiu/Downloads/gallery"
}
{
  "basePath": "",
  "gPath": "/Users/dratiu/Downloads/gallery"
}
{
  "basePath": "",
  "gPath": "/Users/dratiu/Downloads/gallery"
}
{
  "basePath": "",
  "gPath": "/Users/dratiu/Downloads/gallery"
}
{
  "basePath": "",
  "gPath": "/Users/dratiu/Downloads/gallery"
}
{
  "basePath": "",
  "gPath": "/Users/dratiu/Downloads/gallery"
}
{
  "basePath": "",
  "gPath": "/Users/dratiu/Downloads/gallery"
}
{
  "basePath": "",
  "gPath": "/Users/dratiu/Downloads/gallery"
}
{
  "basePath": "",
  "gPath": "/Users/dratiu/Downloads/gallery"
}
{
  "basePath": "/aka",
  "gPath": "/Users/dratiu/Downloads/gallery/aka"
}
{
  "basePath": "/",
  "gPath": "/Users/dratiu/Downloads/gallery/"
}
{
  "basePath": "/a space in folder name",
  "gPath": "/Users/dratiu/Downloads/gallery/a space in folder name"
}
{
  "basePath": "/",
  "gPath": "/Users/dratiu/Downloads/gallery/"
}
{
  "basePath": "/aka",
  "gPath": "/Users/dratiu/Downloads/gallery/aka"
}
{
  "basePath": "",
  "gPath": "/Users/dratiu/Downloads/gallery"
}
{
  "basePath": "",
  "gPath": "/Users/dratiu/Downloads/gallery"
}
{
  "basePath": "/aka",
  "gPath": "/Users/dratiu/Downloads/gallery/aka"
}
{
  "basePath": "/aka/baka",
  "gPath": "/Users/dratiu/Downloads/gallery/aka/baka"
}
{
  "basePath": "/aka",
  "gPath": "/Users/dratiu/Downloads/gallery/aka"
}
{
  "basePath": "/",
  "gPath": "/Users/dratiu/Downloads/gallery/"
}
{
  "basePath": "",
  "gPath": "/Users/dratiu/Downloads/gallery"
}
{
  "basePath": "",
  "gPath": "/Users/dratiu/Downloads/gallery"
}
{
  "basePath": "",
  "gPath": "/Users/dratiu/Downloads/gallery"
}
{
  "basePath": "",
  "gPath": "/Users/dratiu/Downloads/gallery"
}
{
  "basePath": "",
  "gPath": "/Users/dratiu/Downloads/gallery"
}
{
  "basePath": "",
  "gPath": "/Users/dratiu/Downloads/gallery"
}
{
  "basePath": "",
  "gPath": "/Users/dratiu/Downloads/gallery"
}
{
  "basePath": "",
  "gPath": "/Users/dratiu/Downloads/gallery"
}
{
  "basePath": "/a space in folder name",
  "gPath": "/Users/dratiu/Downloads/gallery/a space in folder name"
}
{
  "basePath": "",
  "gPath": "/Users/dratiu/Downloads/gallery"
}
{
  "basePath": "/Camera",
  "gPath": "/Users/dratiu/Downloads/gallery/Camera"
}
{
  "basePath": "",
  "gPath": "/Users/dratiu/Downloads/gallery"
}
{
  "basePath": "",
  "gPath": "/Users/dratiu/Downloads/gallery"
}
{
  "basePath": "",
  "gPath": "/Users/dratiu/Downloads/gallery"
}
{
  "basePath": "/aka",
  "gPath": "/Users/dratiu/Downloads/gallery/aka"
}
{
  "basePath": "/baka",
  "gPath": "/Users/dratiu/Downloads/gallery/baka"
}
{
  "basePath": "",
  "gPath": "/Users/dratiu/Downloads/gallery"
}
{
  "basePath": "",
  "gPath": "/Users/dratiu/Downloads/gallery"
}
{
  "basePath": "/aka",
  "gPath": "/Users/dratiu/Downloads/gallery/aka"
}
{
  "basePath": "/",
  "gPath": "/Users/dratiu/Downloads/gallery/"
}
{
  "basePath": "/anabana",
  "gPath": "/Users/dratiu/Downloads/gallery/anabana"
}
{
  "basePath": "/",
  "gPath": "/Users/dratiu/Downloads/gallery/"
}
{
  "basePath": "/biki",
  "gPath": "/Users/dratiu/Downloads/gallery/biki"
}
{
  "basePath": "/",
  "gPath": "/Users/dratiu/Downloads/gallery/"
}
{
  "basePath": "/bunny",
  "gPath": "/Users/dratiu/Downloads/gallery/bunny"
}
{
  "basePath": "/",
  "gPath": "/Users/dratiu/Downloads/gallery/"
}
{
  "basePath": "/kiki",
  "gPath": "/Users/dratiu/Downloads/gallery/kiki"
}
{
  "basePath": "/",
  "gPath": "/Users/dratiu/Downloads/gallery/"
}
{
  "basePath": "/a space in folder name",
  "gPath": "/Users/dratiu/Downloads/gallery/a space in folder name"
}
{
  "basePath": "/",
  "gPath": "/Users/dratiu/Downloads/gallery/"
}
{
  "basePath": "/a space in folder name",
  "gPath": "/Users/dratiu/Downloads/gallery/a space in folder name"
}
{
  "basePath": "/a space in folder name/aka",
  "gPath": "/Users/dratiu/Downloads/gallery/a space in folder name/aka"
}
{
  "basePath": "/a space in folder name/aka/baka",
  "gPath": "/Users/dratiu/Downloads/gallery/a space in folder name/aka/baka"
}
{
  "basePath": "/a space in folder name/aka",
  "gPath": "/Users/dratiu/Downloads/gallery/a space in folder name/aka"
}
{
  "basePath": "/a space in folder name",
  "gPath": "/Users/dratiu/Downloads/gallery/a space in folder name"
}
{
  "basePath": "/",
  "gPath": "/Users/dratiu/Downloads/gallery/"
}
{
  "basePath": "/a space in folder name",
  "gPath": "/Users/dratiu/Downloads/gallery/a space in folder name"
}
{
  "basePath": "/a space in folder name/aka",
  "gPath": "/Users/dratiu/Downloads/gallery/a space in folder name/aka"
}
{
  "basePath": "/a space in folder name/aka/baka",
  "gPath": "/Users/dratiu/Downloads/gallery/a space in folder name/aka/baka"
}
{
  "basePath": "/a space in folder name/aka",
  "gPath": "/Users/dratiu/Downloads/gallery/a space in folder name/aka"
}
{
  "basePath": "/a space in folder name",
  "gPath": "/Users/dratiu/Downloads/gallery/a space in folder name"
}
{
  "basePath": "/a space in folder name/aka",
  "gPath": "/Users/dratiu/Downloads/gallery/a space in folder name/aka"
}
{
  "basePath": "/a space in folder name/aka/baka",
  "gPath": "/Users/dratiu/Downloads/gallery/a space in folder name/aka/baka"
}
